This is pdfTeX, Version 3.14159265-2.6-1.40.18 (MiKTeX 2.9.6500 64-bit) (preloaded format=pdflatex 2018.1.31)  14 FEB 2018 23:31
entering extended mode
**./04-Moment.tex
(04-Moment.tex
LaTeX2e <2017-04-15>
Babel <3.15> and hyphenation patterns for 75 language(s) loaded.
("C:\Program Files\MiKTeX 2.9\tex\latex\base\article.cls"
Document Class: article 2014/09/29 v1.4h Standard LaTeX document class
("C:\Program Files\MiKTeX 2.9\tex\latex\base\size11.clo"
File: size11.clo 2014/09/29 v1.4h Standard LaTeX file (size option)
)
\c@part=\count79
\c@section=\count80
\c@subsection=\count81
\c@subsubsection=\count82
\c@paragraph=\count83
\c@subparagraph=\count84
\c@figure=\count85
\c@table=\count86
\abovecaptionskip=\skip41
\belowcaptionskip=\skip42
\bibindent=\dimen102
)
("C:\Program Files\MiKTeX 2.9\tex\latex\geometry\geometry.sty"
Package: geometry 2010/09/12 v5.6 Page Geometry

("C:\Program Files\MiKTeX 2.9\tex\latex\graphics\keyval.sty"
Package: keyval 2014/10/28 v1.15 key=value parser (DPC)
\KV@toks@=\toks14
)
("C:\Program Files\MiKTeX 2.9\tex\generic\oberdiek\ifpdf.sty"
Package: ifpdf 2017/03/15 v3.2 Provides the ifpdf switch
)
("C:\Program Files\MiKTeX 2.9\tex\generic\oberdiek\ifvtex.sty"
Package: ifvtex 2016/05/16 v1.6 Detect VTeX and its facilities (HO)
Package ifvtex Info: VTeX not detected.
)
("C:\Program Files\MiKTeX 2.9\tex\generic\ifxetex\ifxetex.sty"
Package: ifxetex 2010/09/12 v0.6 Provides ifxetex conditional
)
\Gm@cnth=\count87
\Gm@cntv=\count88
\c@Gm@tempcnt=\count89
\Gm@bindingoffset=\dimen103
\Gm@wd@mp=\dimen104
\Gm@odd@mp=\dimen105
\Gm@even@mp=\dimen106
\Gm@layoutwidth=\dimen107
\Gm@layoutheight=\dimen108
\Gm@layouthoffset=\dimen109
\Gm@layoutvoffset=\dimen110
\Gm@dimlist=\toks15

("C:\Program Files\MiKTeX 2.9\tex\latex\geometry\geometry.cfg"))
(C:\Users\andy\AppData\Roaming\MiKTeX\2.9\tex\latex\pgf\frontendlayer\tikz.sty
(C:\Users\andy\AppData\Roaming\MiKTeX\2.9\tex\latex\pgf\basiclayer\pgf.sty
(C:\Users\andy\AppData\Roaming\MiKTeX\2.9\tex\latex\pgf\utilities\pgfrcs.sty
(C:\Users\andy\AppData\Roaming\MiKTeX\2.9\tex\generic\pgf\utilities\pgfutil-com
mon.tex
\pgfutil@everybye=\toks16
\pgfutil@tempdima=\dimen111
\pgfutil@tempdimb=\dimen112

(C:\Users\andy\AppData\Roaming\MiKTeX\2.9\tex\generic\pgf\utilities\pgfutil-com
mon-lists.tex))
(C:\Users\andy\AppData\Roaming\MiKTeX\2.9\tex\generic\pgf\utilities\pgfutil-lat
ex.def
\pgfutil@abb=\box26
 (C:\Users\andy\AppData\Roaming\MiKTeX\2.9\tex\latex\ms\everyshi.sty
Package: everyshi 2001/05/15 v3.00 EveryShipout Package (MS)
))
(C:\Users\andy\AppData\Roaming\MiKTeX\2.9\tex\generic\pgf\utilities\pgfrcs.code
.tex
Package: pgfrcs 2015/08/07 v3.0.1a (rcs-revision 1.31)
))
Package: pgf 2015/08/07 v3.0.1a (rcs-revision 1.15)

(C:\Users\andy\AppData\Roaming\MiKTeX\2.9\tex\latex\pgf\basiclayer\pgfcore.sty
("C:\Program Files\MiKTeX 2.9\tex\latex\graphics\graphicx.sty"
Package: graphicx 2017/06/01 v1.1a Enhanced LaTeX Graphics (DPC,SPQR)

("C:\Program Files\MiKTeX 2.9\tex\latex\graphics\graphics.sty"
Package: graphics 2017/06/25 v1.2c Standard LaTeX Graphics (DPC,SPQR)

("C:\Program Files\MiKTeX 2.9\tex\latex\graphics\trig.sty"
Package: trig 2016/01/03 v1.10 sin cos tan (DPC)
)
("C:\Program Files\MiKTeX 2.9\tex\latex\graphics-cfg\graphics.cfg"
File: graphics.cfg 2016/06/04 v1.11 sample graphics configuration
)
Package graphics Info: Driver file: pdftex.def on input line 99.

("C:\Program Files\MiKTeX 2.9\tex\latex\graphics-def\pdftex.def"
File: pdftex.def 2017/06/24 v1.0g Graphics/color driver for pdftex
))
\Gin@req@height=\dimen113
\Gin@req@width=\dimen114
)
(C:\Users\andy\AppData\Roaming\MiKTeX\2.9\tex\latex\pgf\systemlayer\pgfsys.sty
(C:\Users\andy\AppData\Roaming\MiKTeX\2.9\tex\generic\pgf\systemlayer\pgfsys.co
de.tex
Package: pgfsys 2014/07/09 v3.0.1a (rcs-revision 1.48)

(C:\Users\andy\AppData\Roaming\MiKTeX\2.9\tex\generic\pgf\utilities\pgfkeys.cod
e.tex
\pgfkeys@pathtoks=\toks17
\pgfkeys@temptoks=\toks18

(C:\Users\andy\AppData\Roaming\MiKTeX\2.9\tex\generic\pgf\utilities\pgfkeysfilt
ered.code.tex
\pgfkeys@tmptoks=\toks19
))
\pgf@x=\dimen115
\pgf@y=\dimen116
\pgf@xa=\dimen117
\pgf@ya=\dimen118
\pgf@xb=\dimen119
\pgf@yb=\dimen120
\pgf@xc=\dimen121
\pgf@yc=\dimen122
\w@pgf@writea=\write3
\r@pgf@reada=\read1
\c@pgf@counta=\count90
\c@pgf@countb=\count91
\c@pgf@countc=\count92
\c@pgf@countd=\count93
\t@pgf@toka=\toks20
\t@pgf@tokb=\toks21
\t@pgf@tokc=\toks22

(C:\Users\andy\AppData\Roaming\MiKTeX\2.9\tex\generic\pgf\systemlayer\pgf.cfg
File: pgf.cfg 2008/05/14  (rcs-revision 1.7)
)
Driver file for pgf: pgfsys-pdftex.def

(C:\Users\andy\AppData\Roaming\MiKTeX\2.9\tex\generic\pgf\systemlayer\pgfsys-pd
ftex.def
File: pgfsys-pdftex.def 2014/10/11  (rcs-revision 1.35)

(C:\Users\andy\AppData\Roaming\MiKTeX\2.9\tex\generic\pgf\systemlayer\pgfsys-co
mmon-pdf.def
File: pgfsys-common-pdf.def 2013/10/10  (rcs-revision 1.13)
)))
(C:\Users\andy\AppData\Roaming\MiKTeX\2.9\tex\generic\pgf\systemlayer\pgfsyssof
tpath.code.tex
File: pgfsyssoftpath.code.tex 2013/09/09  (rcs-revision 1.9)
\pgfsyssoftpath@smallbuffer@items=\count94
\pgfsyssoftpath@bigbuffer@items=\count95
)
(C:\Users\andy\AppData\Roaming\MiKTeX\2.9\tex\generic\pgf\systemlayer\pgfsyspro
tocol.code.tex
File: pgfsysprotocol.code.tex 2006/10/16  (rcs-revision 1.4)
))
(C:\Users\andy\AppData\Roaming\MiKTeX\2.9\tex\latex\xcolor\xcolor.sty
Package: xcolor 2016/05/11 v2.12 LaTeX color extensions (UK)

("C:\Program Files\MiKTeX 2.9\tex\latex\graphics-cfg\color.cfg"
File: color.cfg 2016/01/02 v1.6 sample color configuration
)
Package xcolor Info: Driver file: pdftex.def on input line 225.
Package xcolor Info: Model `cmy' substituted by `cmy0' on input line 1348.
Package xcolor Info: Model `hsb' substituted by `rgb' on input line 1352.
Package xcolor Info: Model `RGB' extended on input line 1364.
Package xcolor Info: Model `HTML' substituted by `rgb' on input line 1366.
Package xcolor Info: Model `Hsb' substituted by `hsb' on input line 1367.
Package xcolor Info: Model `tHsb' substituted by `hsb' on input line 1368.
Package xcolor Info: Model `HSB' substituted by `hsb' on input line 1369.
Package xcolor Info: Model `Gray' substituted by `gray' on input line 1370.
Package xcolor Info: Model `wave' substituted by `hsb' on input line 1371.
)
(C:\Users\andy\AppData\Roaming\MiKTeX\2.9\tex\generic\pgf\basiclayer\pgfcore.co
de.tex
Package: pgfcore 2010/04/11 v3.0.1a (rcs-revision 1.7)

(C:\Users\andy\AppData\Roaming\MiKTeX\2.9\tex\generic\pgf\math\pgfmath.code.tex

(C:\Users\andy\AppData\Roaming\MiKTeX\2.9\tex\generic\pgf\math\pgfmathcalc.code
.tex
(C:\Users\andy\AppData\Roaming\MiKTeX\2.9\tex\generic\pgf\math\pgfmathutil.code
.tex)
(C:\Users\andy\AppData\Roaming\MiKTeX\2.9\tex\generic\pgf\math\pgfmathparser.co
de.tex
\pgfmath@dimen=\dimen123
\pgfmath@count=\count96
\pgfmath@box=\box27
\pgfmath@toks=\toks23
\pgfmath@stack@operand=\toks24
\pgfmath@stack@operation=\toks25
)
(C:\Users\andy\AppData\Roaming\MiKTeX\2.9\tex\generic\pgf\math\pgfmathfunctions
.code.tex
(C:\Users\andy\AppData\Roaming\MiKTeX\2.9\tex\generic\pgf\math\pgfmathfunctions
.basic.code.tex)
(C:\Users\andy\AppData\Roaming\MiKTeX\2.9\tex\generic\pgf\math\pgfmathfunctions
.trigonometric.code.tex)
(C:\Users\andy\AppData\Roaming\MiKTeX\2.9\tex\generic\pgf\math\pgfmathfunctions
.random.code.tex)
(C:\Users\andy\AppData\Roaming\MiKTeX\2.9\tex\generic\pgf\math\pgfmathfunctions
.comparison.code.tex)
(C:\Users\andy\AppData\Roaming\MiKTeX\2.9\tex\generic\pgf\math\pgfmathfunctions
.base.code.tex)
(C:\Users\andy\AppData\Roaming\MiKTeX\2.9\tex\generic\pgf\math\pgfmathfunctions
.round.code.tex)
(C:\Users\andy\AppData\Roaming\MiKTeX\2.9\tex\generic\pgf\math\pgfmathfunctions
.misc.code.tex)
(C:\Users\andy\AppData\Roaming\MiKTeX\2.9\tex\generic\pgf\math\pgfmathfunctions
.integerarithmetics.code.tex)))
(C:\Users\andy\AppData\Roaming\MiKTeX\2.9\tex\generic\pgf\math\pgfmathfloat.cod
e.tex
\c@pgfmathroundto@lastzeros=\count97
))
(C:\Users\andy\AppData\Roaming\MiKTeX\2.9\tex\generic\pgf\basiclayer\pgfcorepoi
nts.code.tex
File: pgfcorepoints.code.tex 2013/10/07  (rcs-revision 1.27)
\pgf@picminx=\dimen124
\pgf@picmaxx=\dimen125
\pgf@picminy=\dimen126
\pgf@picmaxy=\dimen127
\pgf@pathminx=\dimen128
\pgf@pathmaxx=\dimen129
\pgf@pathminy=\dimen130
\pgf@pathmaxy=\dimen131
\pgf@xx=\dimen132
\pgf@xy=\dimen133
\pgf@yx=\dimen134
\pgf@yy=\dimen135
\pgf@zx=\dimen136
\pgf@zy=\dimen137
)
(C:\Users\andy\AppData\Roaming\MiKTeX\2.9\tex\generic\pgf\basiclayer\pgfcorepat
hconstruct.code.tex
File: pgfcorepathconstruct.code.tex 2013/10/07  (rcs-revision 1.29)
\pgf@path@lastx=\dimen138
\pgf@path@lasty=\dimen139
)
(C:\Users\andy\AppData\Roaming\MiKTeX\2.9\tex\generic\pgf\basiclayer\pgfcorepat
husage.code.tex
File: pgfcorepathusage.code.tex 2014/11/02  (rcs-revision 1.24)
\pgf@shorten@end@additional=\dimen140
\pgf@shorten@start@additional=\dimen141
)
(C:\Users\andy\AppData\Roaming\MiKTeX\2.9\tex\generic\pgf\basiclayer\pgfcoresco
pes.code.tex
File: pgfcorescopes.code.tex 2015/05/08  (rcs-revision 1.46)
\pgfpic=\box28
\pgf@hbox=\box29
\pgf@layerbox@main=\box30
\pgf@picture@serial@count=\count98
)
(C:\Users\andy\AppData\Roaming\MiKTeX\2.9\tex\generic\pgf\basiclayer\pgfcoregra
phicstate.code.tex
File: pgfcoregraphicstate.code.tex 2014/11/02  (rcs-revision 1.12)
\pgflinewidth=\dimen142
)
(C:\Users\andy\AppData\Roaming\MiKTeX\2.9\tex\generic\pgf\basiclayer\pgfcoretra
nsformations.code.tex
File: pgfcoretransformations.code.tex 2015/08/07  (rcs-revision 1.20)
\pgf@pt@x=\dimen143
\pgf@pt@y=\dimen144
\pgf@pt@temp=\dimen145
)
(C:\Users\andy\AppData\Roaming\MiKTeX\2.9\tex\generic\pgf\basiclayer\pgfcorequi
ck.code.tex
File: pgfcorequick.code.tex 2008/10/09  (rcs-revision 1.3)
)
(C:\Users\andy\AppData\Roaming\MiKTeX\2.9\tex\generic\pgf\basiclayer\pgfcoreobj
ects.code.tex
File: pgfcoreobjects.code.tex 2006/10/11  (rcs-revision 1.2)
)
(C:\Users\andy\AppData\Roaming\MiKTeX\2.9\tex\generic\pgf\basiclayer\pgfcorepat
hprocessing.code.tex
File: pgfcorepathprocessing.code.tex 2013/09/09  (rcs-revision 1.9)
)
(C:\Users\andy\AppData\Roaming\MiKTeX\2.9\tex\generic\pgf\basiclayer\pgfcorearr
ows.code.tex
File: pgfcorearrows.code.tex 2015/05/14  (rcs-revision 1.43)
\pgfarrowsep=\dimen146
)
(C:\Users\andy\AppData\Roaming\MiKTeX\2.9\tex\generic\pgf\basiclayer\pgfcoresha
de.code.tex
File: pgfcoreshade.code.tex 2013/07/15  (rcs-revision 1.15)
\pgf@max=\dimen147
\pgf@sys@shading@range@num=\count99
)
(C:\Users\andy\AppData\Roaming\MiKTeX\2.9\tex\generic\pgf\basiclayer\pgfcoreima
ge.code.tex
File: pgfcoreimage.code.tex 2013/07/15  (rcs-revision 1.18)

(C:\Users\andy\AppData\Roaming\MiKTeX\2.9\tex\generic\pgf\basiclayer\pgfcoreext
ernal.code.tex
File: pgfcoreexternal.code.tex 2014/07/09  (rcs-revision 1.21)
\pgfexternal@startupbox=\box31
))
(C:\Users\andy\AppData\Roaming\MiKTeX\2.9\tex\generic\pgf\basiclayer\pgfcorelay
ers.code.tex
File: pgfcorelayers.code.tex 2013/07/18  (rcs-revision 1.7)
)
(C:\Users\andy\AppData\Roaming\MiKTeX\2.9\tex\generic\pgf\basiclayer\pgfcoretra
nsparency.code.tex
File: pgfcoretransparency.code.tex 2013/09/30  (rcs-revision 1.5)
)
(C:\Users\andy\AppData\Roaming\MiKTeX\2.9\tex\generic\pgf\basiclayer\pgfcorepat
terns.code.tex
File: pgfcorepatterns.code.tex 2013/11/07  (rcs-revision 1.5)
)))
(C:\Users\andy\AppData\Roaming\MiKTeX\2.9\tex\generic\pgf\modules\pgfmoduleshap
es.code.tex
File: pgfmoduleshapes.code.tex 2014/03/21  (rcs-revision 1.35)
\pgfnodeparttextbox=\box32
)
(C:\Users\andy\AppData\Roaming\MiKTeX\2.9\tex\generic\pgf\modules\pgfmoduleplot
.code.tex
File: pgfmoduleplot.code.tex 2015/08/03  (rcs-revision 1.13)
)
(C:\Users\andy\AppData\Roaming\MiKTeX\2.9\tex\latex\pgf\compatibility\pgfcomp-v
ersion-0-65.sty
Package: pgfcomp-version-0-65 2007/07/03 v3.0.1a (rcs-revision 1.7)
\pgf@nodesepstart=\dimen148
\pgf@nodesepend=\dimen149
)
(C:\Users\andy\AppData\Roaming\MiKTeX\2.9\tex\latex\pgf\compatibility\pgfcomp-v
ersion-1-18.sty
Package: pgfcomp-version-1-18 2007/07/23 v3.0.1a (rcs-revision 1.1)
))
(C:\Users\andy\AppData\Roaming\MiKTeX\2.9\tex\latex\pgf\utilities\pgffor.sty
(C:\Users\andy\AppData\Roaming\MiKTeX\2.9\tex\latex\pgf\utilities\pgfkeys.sty
(C:\Users\andy\AppData\Roaming\MiKTeX\2.9\tex\generic\pgf\utilities\pgfkeys.cod
e.tex))
(C:\Users\andy\AppData\Roaming\MiKTeX\2.9\tex\latex\pgf\math\pgfmath.sty
(C:\Users\andy\AppData\Roaming\MiKTeX\2.9\tex\generic\pgf\math\pgfmath.code.tex
))
(C:\Users\andy\AppData\Roaming\MiKTeX\2.9\tex\generic\pgf\utilities\pgffor.code
.tex
Package: pgffor 2013/12/13 v3.0.1a (rcs-revision 1.25)

(C:\Users\andy\AppData\Roaming\MiKTeX\2.9\tex\generic\pgf\math\pgfmath.code.tex
)
\pgffor@iter=\dimen150
\pgffor@skip=\dimen151
\pgffor@stack=\toks26
\pgffor@toks=\toks27
))
(C:\Users\andy\AppData\Roaming\MiKTeX\2.9\tex\generic\pgf\frontendlayer\tikz\ti
kz.code.tex
Package: tikz 2015/08/07 v3.0.1a (rcs-revision 1.151)

(C:\Users\andy\AppData\Roaming\MiKTeX\2.9\tex\generic\pgf\libraries\pgflibraryp
lothandlers.code.tex
File: pgflibraryplothandlers.code.tex 2013/08/31 v3.0.1a (rcs-revision 1.20)
\pgf@plot@mark@count=\count100
\pgfplotmarksize=\dimen152
)
\tikz@lastx=\dimen153
\tikz@lasty=\dimen154
\tikz@lastxsaved=\dimen155
\tikz@lastysaved=\dimen156
\tikzleveldistance=\dimen157
\tikzsiblingdistance=\dimen158
\tikz@figbox=\box33
\tikz@figbox@bg=\box34
\tikz@tempbox=\box35
\tikz@tempbox@bg=\box36
\tikztreelevel=\count101
\tikznumberofchildren=\count102
\tikznumberofcurrentchild=\count103
\tikz@fig@count=\count104

(C:\Users\andy\AppData\Roaming\MiKTeX\2.9\tex\generic\pgf\modules\pgfmodulematr
ix.code.tex
File: pgfmodulematrix.code.tex 2013/09/17  (rcs-revision 1.8)
\pgfmatrixcurrentrow=\count105
\pgfmatrixcurrentcolumn=\count106
\pgf@matrix@numberofcolumns=\count107
)
\tikz@expandcount=\count108

(C:\Users\andy\AppData\Roaming\MiKTeX\2.9\tex\generic\pgf\frontendlayer\tikz\li
braries\tikzlibrarytopaths.code.tex
File: tikzlibrarytopaths.code.tex 2008/06/17 v3.0.1a (rcs-revision 1.2)
)))
(C:\Users\andy\AppData\Roaming\MiKTeX\2.9\tex\latex\pgfplots\pgfplots.sty
(C:\Users\andy\AppData\Roaming\MiKTeX\2.9\tex\generic\pgfplots\pgfplots.revisio
n.tex)
Package: pgfplots 2017/06/05 v1.15 Data Visualization (1.15)

(C:\Users\andy\AppData\Roaming\MiKTeX\2.9\tex\generic\pgfplots\pgfplots.code.te
x
(C:\Users\andy\AppData\Roaming\MiKTeX\2.9\tex\generic\pgfplots\pgfplotscore.cod
e.tex
\t@pgfplots@toka=\toks28
\t@pgfplots@tokb=\toks29
\t@pgfplots@tokc=\toks30
\pgfplots@tmpa=\dimen159
\c@pgfplots@coordindex=\count109
\c@pgfplots@scanlineindex=\count110

(C:\Users\andy\AppData\Roaming\MiKTeX\2.9\tex\generic\pgfplots\sys\pgfplotssysg
eneric.code.tex))
(C:\Users\andy\AppData\Roaming\MiKTeX\2.9\tex\generic\pgfplots\libs\pgfplotslib
rary.code.tex)
(C:\Users\andy\AppData\Roaming\MiKTeX\2.9\tex\generic\pgfplots\oldpgfcompatib\p
gfplotsoldpgfsupp_loader.code.tex
(C:\Users\andy\AppData\Roaming\MiKTeX\2.9\tex\generic\pgf\libraries\pgflibraryf
pu.code.tex)
Package pgfplots: loading complementary arithmetics for your pgf version...

(C:\Users\andy\AppData\Roaming\MiKTeX\2.9\tex\generic\pgfplots\oldpgfcompatib\p
gfplotsoldpgfsupp_pgflibraryfpu.code.tex)
(C:\Users\andy\AppData\Roaming\MiKTeX\2.9\tex\generic\pgfplots\oldpgfcompatib\p
gfplotsoldpgfsupp_pgfmathfloat.code.tex
\c@pgfmathroundto@lastzeros=\count111
))
(C:\Users\andy\AppData\Roaming\MiKTeX\2.9\tex\generic\pgfplots\util\pgfplotsuti
l.code.tex
(C:\Users\andy\AppData\Roaming\MiKTeX\2.9\tex\generic\pgfplots\liststructure\pg
fplotsliststructure.code.tex)
(C:\Users\andy\AppData\Roaming\MiKTeX\2.9\tex\generic\pgfplots\liststructure\pg
fplotsliststructureext.code.tex)
(C:\Users\andy\AppData\Roaming\MiKTeX\2.9\tex\generic\pgfplots\liststructure\pg
fplotsarray.code.tex
\c@pgfplotsarray@tmp=\count112
)
(C:\Users\andy\AppData\Roaming\MiKTeX\2.9\tex\generic\pgfplots\liststructure\pg
fplotsmatrix.code.tex)
(C:\Users\andy\AppData\Roaming\MiKTeX\2.9\tex\generic\pgfplots\numtable\pgfplot
stableshared.code.tex
\c@pgfplotstable@counta=\count113
\t@pgfplotstable@a=\toks31
)
(C:\Users\andy\AppData\Roaming\MiKTeX\2.9\tex\generic\pgfplots\liststructure\pg
fplotsdeque.code.tex)
(C:\Users\andy\AppData\Roaming\MiKTeX\2.9\tex\generic\pgfplots\util\pgfplotsbin
ary.code.tex
(C:\Users\andy\AppData\Roaming\MiKTeX\2.9\tex\generic\pgfplots\util\pgfplotsbin
ary.data.code.tex))
(C:\Users\andy\AppData\Roaming\MiKTeX\2.9\tex\generic\pgfplots\util\pgfplotsuti
l.verb.code.tex)
(C:\Users\andy\AppData\Roaming\MiKTeX\2.9\tex\generic\pgfplots\libs\pgflibraryp
gfplots.surfshading.code.tex
\c@pgfplotslibrarysurf@no=\count114

(C:\Users\andy\AppData\Roaming\MiKTeX\2.9\tex\generic\pgfplots\sys\pgflibrarypg
fplots.surfshading.pgfsys-pdftex.def)))
(C:\Users\andy\AppData\Roaming\MiKTeX\2.9\tex\generic\pgfplots\util\pgfplotscol
ormap.code.tex
(C:\Users\andy\AppData\Roaming\MiKTeX\2.9\tex\generic\pgfplots\util\pgfplotscol
or.code.tex))
(C:\Users\andy\AppData\Roaming\MiKTeX\2.9\tex\generic\pgfplots\pgfplotsstackedp
lots.code.tex)
(C:\Users\andy\AppData\Roaming\MiKTeX\2.9\tex\generic\pgfplots\pgfplotsplothand
lers.code.tex
(C:\Users\andy\AppData\Roaming\MiKTeX\2.9\tex\generic\pgfplots\pgfplotsmeshplot
handler.code.tex
(C:\Users\andy\AppData\Roaming\MiKTeX\2.9\tex\generic\pgfplots\pgfplotsmeshplot
image.code.tex)))
(C:\Users\andy\AppData\Roaming\MiKTeX\2.9\tex\generic\pgfplots\pgfplots.scaling
.code.tex)
(C:\Users\andy\AppData\Roaming\MiKTeX\2.9\tex\generic\pgfplots\pgfplotscoordpro
cessing.code.tex)
(C:\Users\andy\AppData\Roaming\MiKTeX\2.9\tex\generic\pgfplots\pgfplots.errorba
rs.code.tex)
(C:\Users\andy\AppData\Roaming\MiKTeX\2.9\tex\generic\pgfplots\pgfplots.markers
.code.tex)
(C:\Users\andy\AppData\Roaming\MiKTeX\2.9\tex\generic\pgfplots\pgfplotsticks.co
de.tex)
(C:\Users\andy\AppData\Roaming\MiKTeX\2.9\tex\generic\pgfplots\pgfplots.paths.c
ode.tex)
(C:\Users\andy\AppData\Roaming\MiKTeX\2.9\tex\generic\pgf\frontendlayer\tikz\li
braries\tikzlibrarydecorations.code.tex
(C:\Users\andy\AppData\Roaming\MiKTeX\2.9\tex\generic\pgf\modules\pgfmoduledeco
rations.code.tex
\pgfdecoratedcompleteddistance=\dimen160
\pgfdecoratedremainingdistance=\dimen161
\pgfdecoratedinputsegmentcompleteddistance=\dimen162
\pgfdecoratedinputsegmentremainingdistance=\dimen163
\pgf@decorate@distancetomove=\dimen164
\pgf@decorate@repeatstate=\count115
\pgfdecorationsegmentamplitude=\dimen165
\pgfdecorationsegmentlength=\dimen166
)
\tikz@lib@dec@box=\box37
)
(C:\Users\andy\AppData\Roaming\MiKTeX\2.9\tex\generic\pgf\frontendlayer\tikz\li
braries\tikzlibrarydecorations.pathmorphing.code.tex
(C:\Users\andy\AppData\Roaming\MiKTeX\2.9\tex\generic\pgf\libraries\decorations
\pgflibrarydecorations.pathmorphing.code.tex))
(C:\Users\andy\AppData\Roaming\MiKTeX\2.9\tex\generic\pgf\frontendlayer\tikz\li
braries\tikzlibrarydecorations.pathreplacing.code.tex
(C:\Users\andy\AppData\Roaming\MiKTeX\2.9\tex\generic\pgf\libraries\decorations
\pgflibrarydecorations.pathreplacing.code.tex))
\pgfplots@numplots=\count116
\pgfplots@xmin@reg=\dimen167
\pgfplots@xmax@reg=\dimen168
\pgfplots@ymin@reg=\dimen169
\pgfplots@ymax@reg=\dimen170
\pgfplots@zmin@reg=\dimen171
\pgfplots@zmax@reg=\dimen172
)
(C:\Users\andy\AppData\Roaming\MiKTeX\2.9\tex\generic\pgf\frontendlayer\tikz\li
braries\tikzlibraryplotmarks.code.tex
File: tikzlibraryplotmarks.code.tex 2008/01/09 v3.0.1a (rcs-revision 1.1)

(C:\Users\andy\AppData\Roaming\MiKTeX\2.9\tex\generic\pgf\libraries\pgflibraryp
lotmarks.code.tex
File: pgflibraryplotmarks.code.tex 2015/08/03 v3.0.1a (rcs-revision 1.14)
))) ("C:\Program Files\MiKTeX 2.9\tex\latex\amsmath\amsmath.sty"
Package: amsmath 2017/09/02 v2.17a AMS math features
\@mathmargin=\skip43

For additional information on amsmath, use the `?' option.
("C:\Program Files\MiKTeX 2.9\tex\latex\amsmath\amstext.sty"
Package: amstext 2000/06/29 v2.01 AMS text

("C:\Program Files\MiKTeX 2.9\tex\latex\amsmath\amsgen.sty"
File: amsgen.sty 1999/11/30 v2.0 generic functions
\@emptytoks=\toks32
\ex@=\dimen173
))
("C:\Program Files\MiKTeX 2.9\tex\latex\amsmath\amsbsy.sty"
Package: amsbsy 1999/11/29 v1.2d Bold Symbols
\pmbraise@=\dimen174
)
("C:\Program Files\MiKTeX 2.9\tex\latex\amsmath\amsopn.sty"
Package: amsopn 2016/03/08 v2.02 operator names
)
\inf@bad=\count117
LaTeX Info: Redefining \frac on input line 213.
\uproot@=\count118
\leftroot@=\count119
LaTeX Info: Redefining \overline on input line 375.
\classnum@=\count120
\DOTSCASE@=\count121
LaTeX Info: Redefining \ldots on input line 472.
LaTeX Info: Redefining \dots on input line 475.
LaTeX Info: Redefining \cdots on input line 596.
\Mathstrutbox@=\box38
\strutbox@=\box39
\big@size=\dimen175
LaTeX Font Info:    Redeclaring font encoding OML on input line 712.
LaTeX Font Info:    Redeclaring font encoding OMS on input line 713.
\macc@depth=\count122
\c@MaxMatrixCols=\count123
\dotsspace@=\muskip10
\c@parentequation=\count124
\dspbrk@lvl=\count125
\tag@help=\toks33
\row@=\count126
\column@=\count127
\maxfields@=\count128
\andhelp@=\toks34
\eqnshift@=\dimen176
\alignsep@=\dimen177
\tagshift@=\dimen178
\tagwidth@=\dimen179
\totwidth@=\dimen180
\lineht@=\dimen181
\@envbody=\toks35
\multlinegap=\skip44
\multlinetaggap=\skip45
\mathdisplay@stack=\toks36
LaTeX Info: Redefining \[ on input line 2817.
LaTeX Info: Redefining \] on input line 2818.
)
(C:\Users\andy\AppData\Roaming\MiKTeX\2.9\tex\generic\pgf\frontendlayer\tikz\li
braries\tikzlibrarypatterns.code.tex
File: tikzlibrarypatterns.code.tex 2008/01/15 v3.0.1a (rcs-revision 1.2)

(C:\Users\andy\AppData\Roaming\MiKTeX\2.9\tex\generic\pgf\libraries\pgflibraryp
atterns.code.tex
File: pgflibrarypatterns.code.tex 2008/03/03 v3.0.1a (rcs-revision 1.13)
)) (04-Moment.aux)
\openout1 = `04-Moment.aux'.

LaTeX Font Info:    Checking defaults for OML/cmm/m/it on input line 14.
LaTeX Font Info:    ... okay on input line 14.
LaTeX Font Info:    Checking defaults for T1/cmr/m/n on input line 14.
LaTeX Font Info:    ... okay on input line 14.
LaTeX Font Info:    Checking defaults for OT1/cmr/m/n on input line 14.
LaTeX Font Info:    ... okay on input line 14.
LaTeX Font Info:    Checking defaults for OMS/cmsy/m/n on input line 14.
LaTeX Font Info:    ... okay on input line 14.
LaTeX Font Info:    Checking defaults for OMX/cmex/m/n on input line 14.
LaTeX Font Info:    ... okay on input line 14.
LaTeX Font Info:    Checking defaults for U/cmr/m/n on input line 14.
LaTeX Font Info:    ... okay on input line 14.

*geometry* driver: auto-detecting
*geometry* detected driver: pdftex
*geometry* verbose mode - [ preamble ] result:
* driver: pdftex
* paper: <default>
* layout: <same size as paper>
* layoutoffset:(h,v)=(0.0pt,0.0pt)
* modes: 
* h-part:(L,W,R)=(101.17755pt, 411.9399pt, 101.17755pt)
* v-part:(T,H,B)=(101.17755pt, 592.61488pt, 101.17755pt)
* \paperwidth=614.295pt
* \paperheight=794.96999pt
* \textwidth=411.9399pt
* \textheight=592.61488pt
* \oddsidemargin=28.90756pt
* \evensidemargin=28.90756pt
* \topmargin=-8.09244pt
* \headheight=12.0pt
* \headsep=25.0pt
* \topskip=11.0pt
* \footskip=30.0pt
* \marginparwidth=59.0pt
* \marginparsep=10.0pt
* \columnsep=10.0pt
* \skip\footins=10.0pt plus 4.0pt minus 2.0pt
* \hoffset=0.0pt
* \voffset=0.0pt
* \mag=1000
* \@twocolumnfalse
* \@twosidefalse
* \@mparswitchfalse
* \@reversemarginfalse
* (1in=72.27pt=25.4mm, 1cm=28.453pt)

ABD: EveryShipout initializing macros
(C:\Users\andy\AppData\Roaming\MiKTeX\2.9\tex\context\base\supp-pdf.mkii
[Loading MPS to PDF converter (version 2006.09.02).]
\scratchcounter=\count129
\scratchdimen=\dimen182
\scratchbox=\box40
\nofMPsegments=\count130
\nofMParguments=\count131
\everyMPshowfont=\toks37
\MPscratchCnt=\count132
\MPscratchDim=\dimen183
\MPnumerator=\count133
\makeMPintoPDFobject=\count134
\everyMPtoPDFconversion=\toks38
) ("C:\Program Files\MiKTeX 2.9\tex\latex\oberdiek\epstopdf-base.sty"
Package: epstopdf-base 2016/05/15 v2.6 Base part for package epstopdf

("C:\Program Files\MiKTeX 2.9\tex\generic\oberdiek\infwarerr.sty"
Package: infwarerr 2016/05/16 v1.4 Providing info/warning/error messages (HO)
)
("C:\Program Files\MiKTeX 2.9\tex\latex\oberdiek\grfext.sty"
Package: grfext 2016/05/16 v1.2 Manage graphics extensions (HO)

("C:\Program Files\MiKTeX 2.9\tex\generic\oberdiek\kvdefinekeys.sty"
Package: kvdefinekeys 2016/05/16 v1.4 Define keys (HO)

("C:\Program Files\MiKTeX 2.9\tex\generic\oberdiek\ltxcmds.sty"
Package: ltxcmds 2016/05/16 v1.23 LaTeX kernel commands for general use (HO)
)))
("C:\Program Files\MiKTeX 2.9\tex\latex\oberdiek\kvoptions.sty"
Package: kvoptions 2016/05/16 v3.12 Key value format for package options (HO)

("C:\Program Files\MiKTeX 2.9\tex\generic\oberdiek\kvsetkeys.sty"
Package: kvsetkeys 2016/05/16 v1.17 Key value parser (HO)

("C:\Program Files\MiKTeX 2.9\tex\generic\oberdiek\etexcmds.sty"
Package: etexcmds 2016/05/16 v1.6 Avoid name clashes with e-TeX commands (HO)

("C:\Program Files\MiKTeX 2.9\tex\generic\oberdiek\ifluatex.sty"
Package: ifluatex 2016/05/16 v1.4 Provides the ifluatex switch (HO)
Package ifluatex Info: LuaTeX not detected.
)
Package etexcmds Info: Could not find \expanded.
(etexcmds)             That can mean that you are not using pdfTeX 1.50 or
(etexcmds)             that some package has redefined \expanded.
(etexcmds)             In the latter case, load this package earlier.
)))
("C:\Program Files\MiKTeX 2.9\tex\generic\oberdiek\pdftexcmds.sty"
Package: pdftexcmds 2017/03/19 v0.25 Utility functions of pdfTeX for LuaTeX (HO
)
Package pdftexcmds Info: LuaTeX not detected.
Package pdftexcmds Info: \pdf@primitive is available.
Package pdftexcmds Info: \pdf@ifprimitive is available.
Package pdftexcmds Info: \pdfdraftmode found.
)
Package epstopdf-base Info: Redefining graphics rule for `.eps' on input line 4
38.
Package grfext Info: Graphics extension search list:
(grfext)             [.pdf,.png,.jpg,.mps,.jpeg,.jbig2,.jb2,.PDF,.PNG,.JPG,.JPE
G,.JBIG2,.JB2,.eps]
(grfext)             \AppendGraphicsExtensions on input line 456.
)

Package pgfplots Warning: running in backwards compatibility mode (unsuitable t
ick labels; missing features). Consider writing \pgfplotsset{compat=1.15} into 
your preamble.
 on input line 14.

[1

{C:/Users/andy/AppData/Local/MiKTeX/2.9/pdftex/config/pdftex.map}] [2]
[3] [4] [5]

LaTeX Warning: `h' float specifier changed to `ht'.

[6]

LaTeX Warning: `h' float specifier changed to `ht'.

[7] [8] [9] (04-Moment.aux) ) 
Here is how much of TeX's memory you used:
 22751 strings out of 493312
 595303 string characters out of 3138902
 794092 words of memory out of 3000000
 25929 multiletter control sequences out of 15000+200000
 9747 words of font info for 35 fonts, out of 3000000 for 9000
 1141 hyphenation exceptions out of 8191
 62i,12n,103p,1755b,2462s stack positions out of 5000i,500n,10000p,200000b,50000s
<C:/Program Files/MiKTeX 2.9/fonts/type1/public/am
sfonts/cm/cmbx12.pfb><C:/Program Files/MiKTeX 2.9/fonts/type1/public/amsfonts/c
m/cmex10.pfb><C:/Program Files/MiKTeX 2.9/fonts/type1/public/amsfonts/cm/cmmi10
.pfb><C:/Program Files/MiKTeX 2.9/fonts/type1/public/amsfonts/cm/cmr10.pfb><C:/
Program Files/MiKTeX 2.9/fonts/type1/public/amsfonts/cm/cmr12.pfb><C:/Program F
iles/MiKTeX 2.9/fonts/type1/public/amsfonts/cm/cmr17.pfb><C:/Program Files/MiKT
eX 2.9/fonts/type1/public/amsfonts/cm/cmr8.pfb><C:/Program Files/MiKTeX 2.9/fon
ts/type1/public/amsfonts/cm/cmsy10.pfb><C:/Program Files/MiKTeX 2.9/fonts/type1
/public/amsfonts/cm/cmsy8.pfb><C:/Program Files/MiKTeX 2.9/fonts/type1/public/a
msfonts/cm/cmti10.pfb>
Output written on 04-Moment.pdf (9 pages, 154774 bytes).
PDF statistics:
 80 PDF objects out of 1000 (max. 8388607)
 0 named destinations out of 1000 (max. 500000)
 29 words of extra memory for PDF output out of 10000 (max. 10000000)

